  [1m[35m (0.1ms)[0m  [1m[34mSELECT sqlite_version(*)[0m
  ↳ /home/sampurna/.rvm/rubies/ruby-2.6.1/lib/ruby/gems/2.6.0/gems/rake-12.3.2/lib/rake/task.rb:273
  [1m[35m (128.4ms)[0m  [1m[35mCREATE TABLE "schema_migrations" ("version" varchar NOT NULL PRIMARY KEY)[0m
  ↳ /home/sampurna/.rvm/rubies/ruby-2.6.1/lib/ruby/gems/2.6.0/gems/rake-12.3.2/lib/rake/task.rb:273
  [1m[35m (78.9ms)[0m  [1m[35mCREATE TABLE "ar_internal_metadata" ("key" varchar NOT NULL PRIMARY KEY, "value" varchar, "created_at" datetime NOT NULL, "updated_at" datetime NOT NULL)[0m
  ↳ /home/sampurna/.rvm/rubies/ruby-2.6.1/lib/ruby/gems/2.6.0/gems/rake-12.3.2/lib/rake/task.rb:273
  [1m[35m (0.2ms)[0m  [1m[34mSELECT "schema_migrations"."version" FROM "schema_migrations" ORDER BY "schema_migrations"."version" ASC[0m
  ↳ /home/sampurna/.rvm/rubies/ruby-2.6.1/lib/ruby/gems/2.6.0/gems/rake-12.3.2/lib/rake/task.rb:273
Migrating to CreateNotifications (20190714104138)
  [1m[35m (0.1ms)[0m  [1m[34mSELECT "schema_migrations"."version" FROM "schema_migrations" ORDER BY "schema_migrations"."version" ASC[0m
  ↳ /home/sampurna/.rvm/rubies/ruby-2.6.1/lib/ruby/gems/2.6.0/gems/rake-12.3.2/lib/rake/task.rb:273
Migrating to CreateNotifications (20190714104138)
  [1m[35m (0.1ms)[0m  [1m[36mbegin transaction[0m
  ↳ /home/sampurna/.rvm/rubies/ruby-2.6.1/lib/ruby/gems/2.6.0/gems/rake-12.3.2/lib/rake/task.rb:273
  [1m[35m (0.1ms)[0m  [1m[34mSELECT sqlite_version(*)[0m
  ↳ db/migrate/20190714104138_create_notifications.rb:3
  [1m[35m (0.3ms)[0m  [1m[35mCREATE TABLE "notifications" ("id" integer PRIMARY KEY AUTOINCREMENT NOT NULL, "title" varchar, "created_at" datetime NOT NULL, "updated_at" datetime NOT NULL)[0m
  ↳ db/migrate/20190714104138_create_notifications.rb:3
  [1m[36mActiveRecord::SchemaMigration Create (0.1ms)[0m  [1m[32mINSERT INTO "schema_migrations" ("version") VALUES (?)[0m  [["version", "20190714104138"]]
  ↳ /home/sampurna/.rvm/rubies/ruby-2.6.1/lib/ruby/gems/2.6.0/gems/rake-12.3.2/lib/rake/task.rb:273
  [1m[35m (75.0ms)[0m  [1m[36mcommit transaction[0m
  ↳ /home/sampurna/.rvm/rubies/ruby-2.6.1/lib/ruby/gems/2.6.0/gems/rake-12.3.2/lib/rake/task.rb:273
  [1m[36mActiveRecord::InternalMetadata Load (0.6ms)[0m  [1m[34mSELECT  "ar_internal_metadata".* FROM "ar_internal_metadata" WHERE "ar_internal_metadata"."key" = ? LIMIT ?[0m  [["key", "environment"], ["LIMIT", 1]]
  ↳ /home/sampurna/.rvm/rubies/ruby-2.6.1/lib/ruby/gems/2.6.0/gems/rake-12.3.2/lib/rake/task.rb:273
  [1m[35m (0.1ms)[0m  [1m[36mbegin transaction[0m
  ↳ /home/sampurna/.rvm/rubies/ruby-2.6.1/lib/ruby/gems/2.6.0/gems/rake-12.3.2/lib/rake/task.rb:273
  [1m[36mActiveRecord::InternalMetadata Create (0.4ms)[0m  [1m[32mINSERT INTO "ar_internal_metadata" ("key", "value", "created_at", "updated_at") VALUES (?, ?, ?, ?)[0m  [["key", "environment"], ["value", "development"], ["created_at", "2019-07-14 10:42:24.535824"], ["updated_at", "2019-07-14 10:42:24.535824"]]
  ↳ /home/sampurna/.rvm/rubies/ruby-2.6.1/lib/ruby/gems/2.6.0/gems/rake-12.3.2/lib/rake/task.rb:273
  [1m[35m (71.5ms)[0m  [1m[36mcommit transaction[0m
  ↳ /home/sampurna/.rvm/rubies/ruby-2.6.1/lib/ruby/gems/2.6.0/gems/rake-12.3.2/lib/rake/task.rb:273
  [1m[35m (0.3ms)[0m  [1m[34mSELECT "schema_migrations"."version" FROM "schema_migrations" ORDER BY "schema_migrations"."version" ASC[0m
  ↳ /home/sampurna/.rvm/rubies/ruby-2.6.1/lib/ruby/gems/2.6.0/gems/rake-12.3.2/lib/rake/task.rb:273
Started GET "/" for ::1 at 2019-07-14 16:35:05 +0545
  [1m[35m (0.1ms)[0m  [1m[34mSELECT "schema_migrations"."version" FROM "schema_migrations" ORDER BY "schema_migrations"."version" ASC[0m
  ↳ /home/sampurna/.rvm/gems/ruby-2.6.1/gems/activerecord-5.2.3/lib/active_record/log_subscriber.rb:98
  
ActionController::RoutingError (uninitialized constant PagesController):
  
bootsnap (1.4.4) lib/bootsnap/load_path_cache/core_ext/active_support.rb:79:in `block in load_missing_constant'
bootsnap (1.4.4) lib/bootsnap/load_path_cache/core_ext/active_support.rb:8:in `without_bootsnap_cache'
bootsnap (1.4.4) lib/bootsnap/load_path_cache/core_ext/active_support.rb:79:in `rescue in load_missing_constant'
bootsnap (1.4.4) lib/bootsnap/load_path_cache/core_ext/active_support.rb:58:in `load_missing_constant'
activesupport (5.2.3) lib/active_support/inflector/methods.rb:283:in `const_get'
activesupport (5.2.3) lib/active_support/inflector/methods.rb:283:in `block in constantize'
activesupport (5.2.3) lib/active_support/inflector/methods.rb:281:in `each'
activesupport (5.2.3) lib/active_support/inflector/methods.rb:281:in `inject'
activesupport (5.2.3) lib/active_support/inflector/methods.rb:281:in `constantize'
actionpack (5.2.3) lib/action_dispatch/http/request.rb:88:in `controller_class_for'
actionpack (5.2.3) lib/action_dispatch/http/request.rb:81:in `controller_class'
actionpack (5.2.3) lib/action_dispatch/routing/route_set.rb:46:in `controller'
actionpack (5.2.3) lib/action_dispatch/routing/route_set.rb:32:in `serve'
actionpack (5.2.3) lib/action_dispatch/journey/router.rb:52:in `block in serve'
actionpack (5.2.3) lib/action_dispatch/journey/router.rb:35:in `each'
actionpack (5.2.3) lib/action_dispatch/journey/router.rb:35:in `serve'
actionpack (5.2.3) lib/action_dispatch/routing/route_set.rb:840:in `call'
rack (2.0.7) lib/rack/tempfile_reaper.rb:15:in `call'
rack (2.0.7) lib/rack/etag.rb:25:in `call'
rack (2.0.7) lib/rack/conditional_get.rb:25:in `call'
rack (2.0.7) lib/rack/head.rb:12:in `call'
actionpack (5.2.3) lib/action_dispatch/http/content_security_policy.rb:18:in `call'
rack (2.0.7) lib/rack/session/abstract/id.rb:232:in `context'
rack (2.0.7) lib/rack/session/abstract/id.rb:226:in `call'
actionpack (5.2.3) lib/action_dispatch/middleware/cookies.rb:670:in `call'
activerecord (5.2.3) lib/active_record/migration.rb:559:in `call'
actionpack (5.2.3) lib/action_dispatch/middleware/callbacks.rb:28:in `block in call'
activesupport (5.2.3) lib/active_support/callbacks.rb:98:in `run_callbacks'
actionpack (5.2.3) lib/action_dispatch/middleware/callbacks.rb:26:in `call'
actionpack (5.2.3) lib/action_dispatch/middleware/executor.rb:14:in `call'
actionpack (5.2.3) lib/action_dispatch/middleware/debug_exceptions.rb:61:in `call'
web-console (3.7.0) lib/web_console/middleware.rb:135:in `call_app'
web-console (3.7.0) lib/web_console/middleware.rb:30:in `block in call'
web-console (3.7.0) lib/web_console/middleware.rb:20:in `catch'
web-console (3.7.0) lib/web_console/middleware.rb:20:in `call'
actionpack (5.2.3) lib/action_dispatch/middleware/show_exceptions.rb:33:in `call'
railties (5.2.3) lib/rails/rack/logger.rb:38:in `call_app'
railties (5.2.3) lib/rails/rack/logger.rb:26:in `block in call'
activesupport (5.2.3) lib/active_support/tagged_logging.rb:71:in `block in tagged'
activesupport (5.2.3) lib/active_support/tagged_logging.rb:28:in `tagged'
activesupport (5.2.3) lib/active_support/tagged_logging.rb:71:in `tagged'
railties (5.2.3) lib/rails/rack/logger.rb:26:in `call'
sprockets-rails (3.2.1) lib/sprockets/rails/quiet_assets.rb:13:in `call'
actionpack (5.2.3) lib/action_dispatch/middleware/remote_ip.rb:81:in `call'
actionpack (5.2.3) lib/action_dispatch/middleware/request_id.rb:27:in `call'
rack (2.0.7) lib/rack/method_override.rb:22:in `call'
rack (2.0.7) lib/rack/runtime.rb:22:in `call'
activesupport (5.2.3) lib/active_support/cache/strategy/local_cache_middleware.rb:29:in `call'
actionpack (5.2.3) lib/action_dispatch/middleware/executor.rb:14:in `call'
actionpack (5.2.3) lib/action_dispatch/middleware/static.rb:127:in `call'
rack (2.0.7) lib/rack/sendfile.rb:111:in `call'
railties (5.2.3) lib/rails/engine.rb:524:in `call'
puma (3.12.1) lib/puma/configuration.rb:227:in `call'
puma (3.12.1) lib/puma/server.rb:660:in `handle_request'
puma (3.12.1) lib/puma/server.rb:474:in `process_client'
puma (3.12.1) lib/puma/server.rb:334:in `block in run'
puma (3.12.1) lib/puma/thread_pool.rb:135:in `block in spawn_thread'
Started GET "/" for ::1 at 2019-07-14 16:35:25 +0545
  
LoadError (Unable to autoload constant PagesController, expected /home/sampurna/Documents/notificationbutton/app/controllers/pages_controller.rb to define it):
  
activesupport (5.2.3) lib/active_support/dependencies.rb:511:in `load_missing_constant'
bootsnap (1.4.4) lib/bootsnap/load_path_cache/core_ext/active_support.rb:79:in `block in load_missing_constant'
bootsnap (1.4.4) lib/bootsnap/load_path_cache/core_ext/active_support.rb:8:in `without_bootsnap_cache'
bootsnap (1.4.4) lib/bootsnap/load_path_cache/core_ext/active_support.rb:79:in `rescue in load_missing_constant'
bootsnap (1.4.4) lib/bootsnap/load_path_cache/core_ext/active_support.rb:58:in `load_missing_constant'
activesupport (5.2.3) lib/active_support/dependencies.rb:195:in `const_missing'
activesupport (5.2.3) lib/active_support/inflector/methods.rb:283:in `const_get'
activesupport (5.2.3) lib/active_support/inflector/methods.rb:283:in `block in constantize'
activesupport (5.2.3) lib/active_support/inflector/methods.rb:281:in `each'
activesupport (5.2.3) lib/active_support/inflector/methods.rb:281:in `inject'
activesupport (5.2.3) lib/active_support/inflector/methods.rb:281:in `constantize'
activesupport (5.2.3) lib/active_support/dependencies.rb:582:in `get'
activesupport (5.2.3) lib/active_support/dependencies.rb:613:in `constantize'
actionpack (5.2.3) lib/action_dispatch/http/request.rb:88:in `controller_class_for'
actionpack (5.2.3) lib/action_dispatch/http/parameters.rb:101:in `binary_params_for?'
actionpack (5.2.3) lib/action_dispatch/http/parameters.rb:92:in `set_binary_encoding'
actionpack (5.2.3) lib/action_dispatch/http/parameters.rb:69:in `path_parameters='
actionpack (5.2.3) lib/action_dispatch/journey/router.rb:50:in `block in serve'
actionpack (5.2.3) lib/action_dispatch/journey/router.rb:35:in `each'
actionpack (5.2.3) lib/action_dispatch/journey/router.rb:35:in `serve'
actionpack (5.2.3) lib/action_dispatch/routing/route_set.rb:840:in `call'
rack (2.0.7) lib/rack/tempfile_reaper.rb:15:in `call'
rack (2.0.7) lib/rack/etag.rb:25:in `call'
rack (2.0.7) lib/rack/conditional_get.rb:25:in `call'
rack (2.0.7) lib/rack/head.rb:12:in `call'
actionpack (5.2.3) lib/action_dispatch/http/content_security_policy.rb:18:in `call'
rack (2.0.7) lib/rack/session/abstract/id.rb:232:in `context'
rack (2.0.7) lib/rack/session/abstract/id.rb:226:in `call'
actionpack (5.2.3) lib/action_dispatch/middleware/cookies.rb:670:in `call'
activerecord (5.2.3) lib/active_record/migration.rb:559:in `call'
actionpack (5.2.3) lib/action_dispatch/middleware/callbacks.rb:28:in `block in call'
activesupport (5.2.3) lib/active_support/callbacks.rb:98:in `run_callbacks'
actionpack (5.2.3) lib/action_dispatch/middleware/callbacks.rb:26:in `call'
actionpack (5.2.3) lib/action_dispatch/middleware/executor.rb:14:in `call'
actionpack (5.2.3) lib/action_dispatch/middleware/debug_exceptions.rb:61:in `call'
web-console (3.7.0) lib/web_console/middleware.rb:135:in `call_app'
web-console (3.7.0) lib/web_console/middleware.rb:30:in `block in call'
web-console (3.7.0) lib/web_console/middleware.rb:20:in `catch'
web-console (3.7.0) lib/web_console/middleware.rb:20:in `call'
actionpack (5.2.3) lib/action_dispatch/middleware/show_exceptions.rb:33:in `call'
railties (5.2.3) lib/rails/rack/logger.rb:38:in `call_app'
railties (5.2.3) lib/rails/rack/logger.rb:26:in `block in call'
activesupport (5.2.3) lib/active_support/tagged_logging.rb:71:in `block in tagged'
activesupport (5.2.3) lib/active_support/tagged_logging.rb:28:in `tagged'
activesupport (5.2.3) lib/active_support/tagged_logging.rb:71:in `tagged'
railties (5.2.3) lib/rails/rack/logger.rb:26:in `call'
sprockets-rails (3.2.1) lib/sprockets/rails/quiet_assets.rb:13:in `call'
actionpack (5.2.3) lib/action_dispatch/middleware/remote_ip.rb:81:in `call'
actionpack (5.2.3) lib/action_dispatch/middleware/request_id.rb:27:in `call'
rack (2.0.7) lib/rack/method_override.rb:22:in `call'
rack (2.0.7) lib/rack/runtime.rb:22:in `call'
activesupport (5.2.3) lib/active_support/cache/strategy/local_cache_middleware.rb:29:in `call'
actionpack (5.2.3) lib/action_dispatch/middleware/executor.rb:14:in `call'
actionpack (5.2.3) lib/action_dispatch/middleware/static.rb:127:in `call'
rack (2.0.7) lib/rack/sendfile.rb:111:in `call'
railties (5.2.3) lib/rails/engine.rb:524:in `call'
puma (3.12.1) lib/puma/configuration.rb:227:in `call'
puma (3.12.1) lib/puma/server.rb:660:in `handle_request'
puma (3.12.1) lib/puma/server.rb:474:in `process_client'
puma (3.12.1) lib/puma/server.rb:334:in `block in run'
puma (3.12.1) lib/puma/thread_pool.rb:135:in `block in spawn_thread'
Started GET "/" for ::1 at 2019-07-14 16:36:06 +0545
Processing by PagesController#home as HTML
  Rendering pages/home.html.haml within layouts/application
  Rendered pages/home.html.haml within layouts/application (2.1ms)
Completed 200 OK in 190ms (Views: 187.4ms | ActiveRecord: 0.0ms)


Started GET "/" for ::1 at 2019-07-14 16:38:30 +0545
  [1m[35m (0.2ms)[0m  [1m[34mSELECT "schema_migrations"."version" FROM "schema_migrations" ORDER BY "schema_migrations"."version" ASC[0m
  ↳ /home/sampurna/.rvm/gems/ruby-2.6.1/gems/activerecord-5.2.3/lib/active_record/log_subscriber.rb:98
Processing by PagesController#home as HTML
  Rendering pages/home.html.haml within layouts/application
  Rendered pages/home.html.haml within layouts/application (3.8ms)
Completed 200 OK in 1851ms (Views: 1844.9ms | ActiveRecord: 0.0ms)


Started GET "/" for ::1 at 2019-07-14 16:42:01 +0545
Processing by PagesController#home as HTML
  Rendering pages/home.html.haml within layouts/application
  Rendered pages/home.html.haml within layouts/application (85.3ms)
Completed 500 Internal Server Error in 96ms (ActiveRecord: 0.0ms)


  
ActionView::Template::Error (Illegal nesting: content can't be both given on the same line as %div and nested within it.):
    101: }   
    102: 
    103: .top-head-dropdown {
    104:   .dropdown-menu {
    105:    width: 350px;
    106:     height:300px;
    107:     overflow:auto;
  
app/views/pages/home.html.haml:104
Started GET "/" for ::1 at 2019-07-14 16:43:47 +0545
Processing by PagesController#home as HTML
  Rendering pages/home.html.haml within layouts/application
  Rendered pages/home.html.haml within layouts/application (53.4ms)
Completed 200 OK in 134ms (Views: 130.5ms | ActiveRecord: 0.0ms)


Started GET "/" for ::1 at 2019-07-14 16:44:08 +0545
Processing by PagesController#home as HTML
  Rendering pages/home.html.haml within layouts/application
  Rendered pages/home.html.haml within layouts/application (37.1ms)
Completed 200 OK in 130ms (Views: 125.7ms | ActiveRecord: 0.0ms)


Started GET "/" for ::1 at 2019-07-14 16:44:23 +0545
Processing by PagesController#home as HTML
  Rendering pages/home.html.haml within layouts/application
  Rendered pages/home.html.haml within layouts/application (33.3ms)
Completed 200 OK in 118ms (Views: 114.9ms | ActiveRecord: 0.0ms)


Started GET "/" for ::1 at 2019-07-14 16:44:36 +0545
Processing by PagesController#home as HTML
  Rendering pages/home.html.haml within layouts/application
  Rendered pages/home.html.haml within layouts/application (35.3ms)
Completed 200 OK in 104ms (Views: 101.5ms | ActiveRecord: 0.0ms)


  [1m[36mNotification Load (0.4ms)[0m  [1m[34mSELECT  "notifications".* FROM "notifications" ORDER BY "notifications"."id" DESC LIMIT ?[0m  [["LIMIT", 1]]
  [1m[35m (0.1ms)[0m  [1m[36mbegin transaction[0m
  [1m[36mNotification Create (0.2ms)[0m  [1m[32mINSERT INTO "notifications" ("title", "created_at", "updated_at") VALUES (?, ?, ?)[0m  [["title", "first"], ["created_at", "2019-07-14 11:00:47.592802"], ["updated_at", "2019-07-14 11:00:47.592802"]]
  [1m[35m (71.0ms)[0m  [1m[36mcommit transaction[0m
Started GET "/" for ::1 at 2019-07-14 16:46:04 +0545
Processing by PagesController#home as HTML
  Rendering pages/home.html.haml within layouts/application
  Rendered pages/home.html.haml within layouts/application (15.5ms)
Completed 200 OK in 60ms (Views: 57.2ms | ActiveRecord: 0.0ms)


Started GET "/" for ::1 at 2019-07-14 16:47:42 +0545
Processing by PagesController#home as HTML
  Rendering pages/home.html.haml within layouts/application
  Rendered pages/home.html.haml within layouts/application (16.0ms)
Completed 500 Internal Server Error in 28ms (ActiveRecord: 0.0ms)


  
ActionView::Template::Error (undefined method `each' for nil:NilClass):
    30:             .top-text-heading Assets specifications modified in themes
    31:             .top-text-light 4 hours ago
    32:         %ul.dropdown-menu.dropdown-menu-right    
    33:           - @notifications.each do |n|
    34:             %li
    35:               .top-text-heading
    36:                 = n.title    
  
app/views/pages/home.html.haml:33:in `_app_views_pages_home_html_haml___233461603334337830_70144503647280'
Started GET "/" for ::1 at 2019-07-14 16:48:02 +0545
Processing by PagesController#home as HTML
  Rendering pages/home.html.haml within layouts/application
  [1m[36mNotification Load (0.3ms)[0m  [1m[34mSELECT "notifications".* FROM "notifications"[0m
  ↳ app/views/pages/home.html.haml:33
  Rendered pages/home.html.haml within layouts/application (22.5ms)
Completed 200 OK in 70ms (Views: 63.2ms | ActiveRecord: 1.1ms)


Started GET "/" for ::1 at 2019-07-14 16:48:51 +0545
Processing by PagesController#home as HTML
  Rendering pages/home.html.haml within layouts/application
  [1m[36mNotification Load (0.8ms)[0m  [1m[34mSELECT "notifications".* FROM "notifications"[0m
  ↳ app/views/pages/home.html.haml:1
  Rendered pages/home.html.haml within layouts/application (15370.9ms)
Completed 200 OK in 15417ms (Views: 15414.3ms | ActiveRecord: 0.8ms)


Started GET "/" for ::1 at 2019-07-14 16:49:37 +0545
Processing by PagesController#home as HTML
  Rendering pages/home.html.haml within layouts/application
  [1m[36mNotification Load (0.3ms)[0m  [1m[34mSELECT "notifications".* FROM "notifications"[0m
  ↳ app/views/pages/home.html.haml:10
  Rendered pages/home.html.haml within layouts/application (17.3ms)
Completed 200 OK in 102ms (Views: 95.0ms | ActiveRecord: 0.3ms)


Started GET "/" for ::1 at 2019-07-14 16:53:27 +0545
Processing by PagesController#home as HTML
  Rendering pages/home.html.haml within layouts/application
  [1m[36mNotification Load (0.2ms)[0m  [1m[34mSELECT "notifications".* FROM "notifications"[0m
  ↳ app/views/pages/home.html.haml:10
  Rendered pages/home.html.haml within layouts/application (15.1ms)
Completed 200 OK in 59ms (Views: 55.9ms | ActiveRecord: 0.2ms)


Started GET "/" for ::1 at 2019-07-14 16:56:49 +0545
Processing by PagesController#home as HTML
  Rendering pages/home.html.haml within layouts/application
  Rendered pages/home.html.haml within layouts/application (7.6ms)
Completed 500 Internal Server Error in 17ms (ActiveRecord: 0.0ms)


  
ActionView::Template::Error (Illegal element: classes and ids must have values.):
    11:           %li
    12:             .top-text-heading
    13:               = n.title
    14:         %a.{href: "#"} Mark all as read
    15:       
    16: 
    17: 
  
app/views/pages/home.html.haml:14
Started GET "/" for ::1 at 2019-07-14 16:56:58 +0545
Processing by PagesController#home as HTML
  Rendering pages/home.html.haml within layouts/application
  [1m[36mNotification Load (0.2ms)[0m  [1m[34mSELECT "notifications".* FROM "notifications"[0m
  ↳ app/views/pages/home.html.haml:10
  Rendered pages/home.html.haml within layouts/application (10.6ms)
Completed 200 OK in 61ms (Views: 56.0ms | ActiveRecord: 0.2ms)


  [1m[35m (0.2ms)[0m  [1m[36mbegin transaction[0m
  [1m[36mNotification Create (1.8ms)[0m  [1m[32mINSERT INTO "notifications" ("title", "created_at", "updated_at") VALUES (?, ?, ?)[0m  [["title", "first"], ["created_at", "2019-07-14 11:13:49.683034"], ["updated_at", "2019-07-14 11:13:49.683034"]]
  [1m[35m (71.2ms)[0m  [1m[36mcommit transaction[0m
  [1m[35m (0.2ms)[0m  [1m[36mbegin transaction[0m
  [1m[36mNotification Create (2.2ms)[0m  [1m[32mINSERT INTO "notifications" ("title", "created_at", "updated_at") VALUES (?, ?, ?)[0m  [["title", "first"], ["created_at", "2019-07-14 11:13:51.514262"], ["updated_at", "2019-07-14 11:13:51.514262"]]
  [1m[35m (49.7ms)[0m  [1m[36mcommit transaction[0m
  [1m[35m (0.2ms)[0m  [1m[36mbegin transaction[0m
  [1m[36mNotification Create (0.8ms)[0m  [1m[32mINSERT INTO "notifications" ("title", "created_at", "updated_at") VALUES (?, ?, ?)[0m  [["title", "first"], ["created_at", "2019-07-14 11:13:52.022148"], ["updated_at", "2019-07-14 11:13:52.022148"]]
  [1m[35m (70.2ms)[0m  [1m[36mcommit transaction[0m
  [1m[35m (0.2ms)[0m  [1m[36mbegin transaction[0m
  [1m[36mNotification Create (0.8ms)[0m  [1m[32mINSERT INTO "notifications" ("title", "created_at", "updated_at") VALUES (?, ?, ?)[0m  [["title", "first"], ["created_at", "2019-07-14 11:13:52.464121"], ["updated_at", "2019-07-14 11:13:52.464121"]]
  [1m[35m (77.5ms)[0m  [1m[36mcommit transaction[0m
  [1m[35m (0.2ms)[0m  [1m[36mbegin transaction[0m
  [1m[36mNotification Create (1.9ms)[0m  [1m[32mINSERT INTO "notifications" ("title", "created_at", "updated_at") VALUES (?, ?, ?)[0m  [["title", "first"], ["created_at", "2019-07-14 11:13:52.896249"], ["updated_at", "2019-07-14 11:13:52.896249"]]
  [1m[35m (104.7ms)[0m  [1m[36mcommit transaction[0m
  [1m[35m (0.1ms)[0m  [1m[36mbegin transaction[0m
  [1m[36mNotification Create (0.8ms)[0m  [1m[32mINSERT INTO "notifications" ("title", "created_at", "updated_at") VALUES (?, ?, ?)[0m  [["title", "first"], ["created_at", "2019-07-14 11:13:53.296963"], ["updated_at", "2019-07-14 11:13:53.296963"]]
  [1m[35m (79.2ms)[0m  [1m[36mcommit transaction[0m
  [1m[35m (0.2ms)[0m  [1m[36mbegin transaction[0m
  [1m[36mNotification Create (0.8ms)[0m  [1m[32mINSERT INTO "notifications" ("title", "created_at", "updated_at") VALUES (?, ?, ?)[0m  [["title", "first"], ["created_at", "2019-07-14 11:13:53.745951"], ["updated_at", "2019-07-14 11:13:53.745951"]]
  [1m[35m (67.5ms)[0m  [1m[36mcommit transaction[0m
  [1m[35m (0.3ms)[0m  [1m[36mbegin transaction[0m
  [1m[36mNotification Create (2.4ms)[0m  [1m[32mINSERT INTO "notifications" ("title", "created_at", "updated_at") VALUES (?, ?, ?)[0m  [["title", "first"], ["created_at", "2019-07-14 11:13:54.383627"], ["updated_at", "2019-07-14 11:13:54.383627"]]
  [1m[35m (76.8ms)[0m  [1m[36mcommit transaction[0m
Started GET "/" for ::1 at 2019-07-14 16:58:57 +0545
Processing by PagesController#home as HTML
  Rendering pages/home.html.haml within layouts/application
  [1m[36mNotification Load (0.5ms)[0m  [1m[34mSELECT "notifications".* FROM "notifications"[0m
  ↳ app/views/pages/home.html.haml:10
  Rendered pages/home.html.haml within layouts/application (26.1ms)
Completed 200 OK in 104ms (Views: 99.3ms | ActiveRecord: 0.5ms)


  [1m[35m (0.1ms)[0m  [1m[34mSELECT "schema_migrations"."version" FROM "schema_migrations" ORDER BY "schema_migrations"."version" ASC[0m
  ↳ /home/sampurna/.rvm/rubies/ruby-2.6.1/lib/ruby/gems/2.6.0/gems/rake-12.3.2/lib/rake/task.rb:273
Migrating to AddSeenToNotifications (20190714111451)
  [1m[35m (0.1ms)[0m  [1m[36mbegin transaction[0m
  ↳ /home/sampurna/.rvm/rubies/ruby-2.6.1/lib/ruby/gems/2.6.0/gems/rake-12.3.2/lib/rake/task.rb:273
  [1m[35m (0.3ms)[0m  [1m[35mALTER TABLE "notifications" ADD "seen" boolean DEFAULT 0[0m
  ↳ db/migrate/20190714111451_add_seen_to_notifications.rb:3
  [1m[36mActiveRecord::SchemaMigration Create (0.1ms)[0m  [1m[32mINSERT INTO "schema_migrations" ("version") VALUES (?)[0m  [["version", "20190714111451"]]
  ↳ /home/sampurna/.rvm/rubies/ruby-2.6.1/lib/ruby/gems/2.6.0/gems/rake-12.3.2/lib/rake/task.rb:273
  [1m[35m (49.9ms)[0m  [1m[36mcommit transaction[0m
  ↳ /home/sampurna/.rvm/rubies/ruby-2.6.1/lib/ruby/gems/2.6.0/gems/rake-12.3.2/lib/rake/task.rb:273
  [1m[36mActiveRecord::InternalMetadata Load (0.4ms)[0m  [1m[34mSELECT  "ar_internal_metadata".* FROM "ar_internal_metadata" WHERE "ar_internal_metadata"."key" = ? LIMIT ?[0m  [["key", "environment"], ["LIMIT", 1]]
  ↳ /home/sampurna/.rvm/rubies/ruby-2.6.1/lib/ruby/gems/2.6.0/gems/rake-12.3.2/lib/rake/task.rb:273
  [1m[35m (0.1ms)[0m  [1m[36mbegin transaction[0m
  ↳ /home/sampurna/.rvm/rubies/ruby-2.6.1/lib/ruby/gems/2.6.0/gems/rake-12.3.2/lib/rake/task.rb:273
  [1m[35m (0.0ms)[0m  [1m[36mcommit transaction[0m
  ↳ /home/sampurna/.rvm/rubies/ruby-2.6.1/lib/ruby/gems/2.6.0/gems/rake-12.3.2/lib/rake/task.rb:273
  [1m[35m (0.1ms)[0m  [1m[34mSELECT "schema_migrations"."version" FROM "schema_migrations" ORDER BY "schema_migrations"."version" ASC[0m
  ↳ /home/sampurna/.rvm/rubies/ruby-2.6.1/lib/ruby/gems/2.6.0/gems/rake-12.3.2/lib/rake/task.rb:273
  [1m[36mNotification Load (0.5ms)[0m  [1m[34mSELECT  "notifications".* FROM "notifications" ORDER BY "notifications"."id" DESC LIMIT ?[0m  [["LIMIT", 1]]
Started GET "/" for ::1 at 2019-07-14 17:06:15 +0545
  [1m[35m (0.2ms)[0m  [1m[34mSELECT "schema_migrations"."version" FROM "schema_migrations" ORDER BY "schema_migrations"."version" ASC[0m
  ↳ /home/sampurna/.rvm/gems/ruby-2.6.1/gems/activerecord-5.2.3/lib/active_record/log_subscriber.rb:98
Processing by PagesController#home as HTML
  Rendering pages/home.html.haml within layouts/application
  [1m[36mNotification Load (0.1ms)[0m  [1m[34mSELECT "notifications".* FROM "notifications"[0m
  ↳ app/views/pages/home.html.haml:10
  Rendered pages/home.html.haml within layouts/application (18.6ms)
Completed 200 OK in 267ms (Views: 258.8ms | ActiveRecord: 0.6ms)


Started GET "/" for ::1 at 2019-07-14 17:08:06 +0545
Processing by PagesController#home as HTML
  Rendering pages/home.html.haml within layouts/application
  [1m[36mNotification Load (0.3ms)[0m  [1m[34mSELECT "notifications".* FROM "notifications"[0m
  ↳ app/views/pages/home.html.haml:10
  Rendered pages/home.html.haml within layouts/application (29.6ms)
Completed 200 OK in 81ms (Views: 77.0ms | ActiveRecord: 0.3ms)


Started GET "/" for ::1 at 2019-07-14 17:08:34 +0545
Processing by PagesController#home as HTML
  Rendering pages/home.html.haml within layouts/application
  [1m[36mNotification Load (0.3ms)[0m  [1m[34mSELECT "notifications".* FROM "notifications"[0m
  ↳ app/views/pages/home.html.haml:10
  Rendered pages/home.html.haml within layouts/application (14.8ms)
Completed 200 OK in 62ms (Views: 57.8ms | ActiveRecord: 0.3ms)


Started GET "/" for ::1 at 2019-07-14 17:09:02 +0545
Processing by PagesController#home as HTML
  Rendering pages/home.html.haml within layouts/application
  [1m[36mNotification Load (0.1ms)[0m  [1m[34mSELECT "notifications".* FROM "notifications"[0m
  ↳ app/views/pages/home.html.haml:10
  Rendered pages/home.html.haml within layouts/application (8.6ms)
Completed 200 OK in 57ms (Views: 55.4ms | ActiveRecord: 0.1ms)


Started GET "/" for ::1 at 2019-07-14 17:10:17 +0545
Processing by PagesController#home as HTML
  Rendering pages/home.html.haml within layouts/application
  [1m[36mNotification Load (0.8ms)[0m  [1m[34mSELECT "notifications".* FROM "notifications"[0m
  ↳ app/views/pages/home.html.haml:10
  Rendered pages/home.html.haml within layouts/application (25.2ms)
Completed 200 OK in 92ms (Views: 87.5ms | ActiveRecord: 0.8ms)


Started PATCH "/page/mark_alerts" for ::1 at 2019-07-14 17:10:18 +0545
Processing by PagesController#mark_alerts_read as */*
Completed 500 Internal Server Error in 2ms (ActiveRecord: 0.0ms)


  
NoMethodError (undefined method `where' for nil:NilClass
Did you mean?  when):
  
app/controllers/pages_controller.rb:10:in `mark_alerts_read'
Started GET "/" for ::1 at 2019-07-14 17:10:19 +0545
Processing by PagesController#home as HTML
  Rendering pages/home.html.haml within layouts/application
  [1m[36mNotification Load (0.2ms)[0m  [1m[34mSELECT "notifications".* FROM "notifications"[0m
  ↳ app/views/pages/home.html.haml:10
  Rendered pages/home.html.haml within layouts/application (19.4ms)
Completed 200 OK in 76ms (Views: 73.9ms | ActiveRecord: 0.2ms)


Started PATCH "/page/mark_alerts" for ::1 at 2019-07-14 17:10:19 +0545
Processing by PagesController#mark_alerts_read as */*
Completed 500 Internal Server Error in 6ms (ActiveRecord: 0.0ms)


  
NoMethodError (undefined method `where' for nil:NilClass
Did you mean?  when):
  
app/controllers/pages_controller.rb:10:in `mark_alerts_read'
Started GET "/" for ::1 at 2019-07-14 17:11:34 +0545
Processing by PagesController#home as HTML
  Rendering pages/home.html.haml within layouts/application
  Rendered pages/home.html.haml within layouts/application (3.5ms)
Completed 500 Internal Server Error in 8ms (ActiveRecord: 0.0ms)


  
ActionView::Template::Error (Illegal element: classes and ids must have values.):
    11:           %li
    12:             .top-text-heading
    13:               = n.title
    14:         %a.delete-alert.{href: "#"} Mark all as read
    15:       
    16: 
    17: 
  
app/views/pages/home.html.haml:14
Started GET "/" for ::1 at 2019-07-14 17:11:50 +0545
Processing by PagesController#home as HTML
  Rendering pages/home.html.haml within layouts/application
  [1m[36mNotification Load (0.3ms)[0m  [1m[34mSELECT "notifications".* FROM "notifications"[0m
  ↳ app/views/pages/home.html.haml:10
  Rendered pages/home.html.haml within layouts/application (20.5ms)
Completed 200 OK in 79ms (Views: 76.2ms | ActiveRecord: 0.3ms)


Started PATCH "/page/mark_alerts" for ::1 at 2019-07-14 17:11:53 +0545
Processing by PagesController#mark_alerts_read as */*
Completed 500 Internal Server Error in 6ms (ActiveRecord: 0.0ms)


  
NoMethodError (undefined method `where' for nil:NilClass
Did you mean?  when):
  
app/controllers/pages_controller.rb:10:in `mark_alerts_read'
Started GET "/" for ::1 at 2019-07-14 17:11:53 +0545
Processing by PagesController#home as HTML
  Rendering pages/home.html.haml within layouts/application
  [1m[36mNotification Load (0.2ms)[0m  [1m[34mSELECT "notifications".* FROM "notifications"[0m
  ↳ app/views/pages/home.html.haml:10
  Rendered pages/home.html.haml within layouts/application (6.2ms)
Completed 200 OK in 79ms (Views: 77.5ms | ActiveRecord: 0.2ms)


Started GET "/" for ::1 at 2019-07-14 17:12:05 +0545
Processing by PagesController#home as HTML
  Rendering pages/home.html.haml within layouts/application
  [1m[36mNotification Load (0.2ms)[0m  [1m[34mSELECT "notifications".* FROM "notifications"[0m
  ↳ app/views/pages/home.html.haml:10
  Rendered pages/home.html.haml within layouts/application (9.7ms)
Completed 200 OK in 43ms (Views: 40.0ms | ActiveRecord: 0.8ms)


Started GET "/" for ::1 at 2019-07-14 17:12:17 +0545
Processing by PagesController#home as HTML
  Rendering pages/home.html.haml within layouts/application
  [1m[36mNotification Load (0.1ms)[0m  [1m[34mSELECT "notifications".* FROM "notifications"[0m
  ↳ app/views/pages/home.html.haml:10
  Rendered pages/home.html.haml within layouts/application (10.1ms)
Completed 200 OK in 48ms (Views: 46.2ms | ActiveRecord: 0.1ms)


Started PATCH "/page/mark_alerts" for ::1 at 2019-07-14 17:12:19 +0545
Processing by PagesController#mark_alerts_read as */*
Started GET "/" for ::1 at 2019-07-14 17:12:19 +0545
Processing by PagesController#home as HTML
  Rendering pages/home.html.haml within layouts/application
  [1m[36mNotification Load (0.2ms)[0m  [1m[34mSELECT "notifications".* FROM "notifications"[0m
  ↳ app/views/pages/home.html.haml:10
  Rendered pages/home.html.haml within layouts/application (9.6ms)
Completed 200 OK in 87ms (Views: 84.7ms | ActiveRecord: 0.2ms)


Completed 500 Internal Server Error in 54021ms (ActiveRecord: 0.0ms)


  
NoMethodError (undefined method `where' for nil:NilClass
Did you mean?  when):
  
app/controllers/pages_controller.rb:11:in `mark_alerts_read'
Started GET "/" for ::1 at 2019-07-14 17:13:17 +0545
Processing by PagesController#home as HTML
  Rendering pages/home.html.haml within layouts/application
  [1m[36mNotification Load (0.3ms)[0m  [1m[34mSELECT "notifications".* FROM "notifications"[0m
  ↳ app/views/pages/home.html.haml:10
  Rendered pages/home.html.haml within layouts/application (10.3ms)
Completed 200 OK in 46ms (Views: 42.8ms | ActiveRecord: 1.0ms)


Started PATCH "/page/mark_alerts" for ::1 at 2019-07-14 17:13:19 +0545
Processing by PagesController#mark_alerts_read as */*
Started GET "/" for ::1 at 2019-07-14 17:13:19 +0545
Processing by PagesController#home as HTML
  Rendering pages/home.html.haml within layouts/application
  [1m[36mNotification Load (0.2ms)[0m  [1m[34mSELECT "notifications".* FROM "notifications"[0m
  ↳ app/views/pages/home.html.haml:10
  Rendered pages/home.html.haml within layouts/application (9.8ms)
Completed 200 OK in 60ms (Views: 58.6ms | ActiveRecord: 0.2ms)


  [1m[36mNotification Update All (81.3ms)[0m  [1m[33mUPDATE "notifications" SET "seen" = 1 WHERE "notifications"."seen" = ?[0m  [["seen", 0]]
  ↳ (pry):3
  [1m[36mNotification Update All (0.6ms)[0m  [1m[33mUPDATE "notifications" SET "seen" = 1 WHERE "notifications"."seen" = ?[0m  [["seen", 0]]
  ↳ app/controllers/pages_controller.rb:11
Completed 200 OK in 6020ms (Views: 0.6ms | ActiveRecord: 81.8ms)


Started PATCH "/page/mark_alerts" for ::1 at 2019-07-14 17:13:29 +0545
Processing by PagesController#mark_alerts_read as */*
Started GET "/" for ::1 at 2019-07-14 17:13:29 +0545
Processing by PagesController#home as HTML
  Rendering pages/home.html.haml within layouts/application
  [1m[36mNotification Load (0.1ms)[0m  [1m[34mSELECT "notifications".* FROM "notifications"[0m
  ↳ app/views/pages/home.html.haml:10
  Rendered pages/home.html.haml within layouts/application (8.3ms)
Completed 200 OK in 45ms (Views: 43.4ms | ActiveRecord: 0.1ms)


  [1m[36mNotification Update All (0.6ms)[0m  [1m[33mUPDATE "notifications" SET "seen" = 1 WHERE "notifications"."seen" = ?[0m  [["seen", 0]]
  ↳ app/controllers/pages_controller.rb:11
Completed 200 OK in 4042ms (Views: 0.5ms | ActiveRecord: 0.6ms)


Started GET "/" for ::1 at 2019-07-14 17:13:45 +0545
Processing by PagesController#home as HTML
  Rendering pages/home.html.haml within layouts/application
  [1m[36mNotification Load (0.2ms)[0m  [1m[34mSELECT "notifications".* FROM "notifications"[0m
  ↳ app/views/pages/home.html.haml:10
  Rendered pages/home.html.haml within layouts/application (12.5ms)
Completed 200 OK in 45ms (Views: 41.2ms | ActiveRecord: 1.4ms)


Started PATCH "/page/mark_alerts" for ::1 at 2019-07-14 17:13:48 +0545
Processing by PagesController#mark_alerts_read as */*
  [1m[36mNotification Update All (0.6ms)[0m  [1m[33mUPDATE "notifications" SET "seen" = 1 WHERE "notifications"."seen" = ?[0m  [["seen", 0]]
  ↳ app/controllers/pages_controller.rb:10
Completed 200 OK in 3ms (Views: 0.3ms | ActiveRecord: 0.6ms)


Started GET "/" for ::1 at 2019-07-14 17:13:48 +0545
Processing by PagesController#home as HTML
  Rendering pages/home.html.haml within layouts/application
  [1m[36mNotification Load (0.2ms)[0m  [1m[34mSELECT "notifications".* FROM "notifications"[0m
  ↳ app/views/pages/home.html.haml:10
  Rendered pages/home.html.haml within layouts/application (12.6ms)
Completed 200 OK in 71ms (Views: 69.2ms | ActiveRecord: 0.2ms)


  [1m[36mNotification Load (0.4ms)[0m  [1m[34mSELECT  "notifications".* FROM "notifications" ORDER BY "notifications"."id" DESC LIMIT ?[0m  [["LIMIT", 1]]
Started GET "/" for ::1 at 2019-07-14 17:15:43 +0545
Processing by PagesController#home as HTML
  Rendering pages/home.html.haml within layouts/application
  [1m[36mNotification Load (0.5ms)[0m  [1m[34mSELECT "notifications".* FROM "notifications"[0m
  ↳ app/views/pages/home.html.haml:11
  Rendered pages/home.html.haml within layouts/application (27.0ms)
Completed 200 OK in 83ms (Views: 79.5ms | ActiveRecord: 0.5ms)


Started PATCH "/page/mark_alerts" for ::1 at 2019-07-14 17:15:45 +0545
Processing by PagesController#mark_alerts_read as */*
  [1m[36mNotification Update All (0.3ms)[0m  [1m[33mUPDATE "notifications" SET "seen" = 1 WHERE "notifications"."seen" = ?[0m  [["seen", 0]]
  ↳ app/controllers/pages_controller.rb:10
Completed 200 OK in 4ms (Views: 0.4ms | ActiveRecord: 0.3ms)


Started GET "/" for ::1 at 2019-07-14 17:15:45 +0545
Processing by PagesController#home as HTML
  Rendering pages/home.html.haml within layouts/application
  [1m[36mNotification Load (0.1ms)[0m  [1m[34mSELECT "notifications".* FROM "notifications"[0m
  ↳ app/views/pages/home.html.haml:11
  Rendered pages/home.html.haml within layouts/application (15.8ms)
Completed 200 OK in 54ms (Views: 52.3ms | ActiveRecord: 0.1ms)


Started GET "/" for ::1 at 2019-07-14 17:15:51 +0545
Processing by PagesController#home as HTML
  Rendering pages/home.html.haml within layouts/application
  [1m[36mNotification Load (0.1ms)[0m  [1m[34mSELECT "notifications".* FROM "notifications"[0m
  ↳ app/views/pages/home.html.haml:11
  Rendered pages/home.html.haml within layouts/application (6.4ms)
Completed 200 OK in 43ms (Views: 41.9ms | ActiveRecord: 0.1ms)


Started PATCH "/page/mark_alerts" for ::1 at 2019-07-14 17:15:53 +0545
Processing by PagesController#mark_alerts_read as */*
  [1m[36mNotification Update All (0.4ms)[0m  [1m[33mUPDATE "notifications" SET "seen" = 1 WHERE "notifications"."seen" = ?[0m  [["seen", 0]]
  ↳ app/controllers/pages_controller.rb:10
Completed 200 OK in 6ms (Views: 0.4ms | ActiveRecord: 0.4ms)


Started GET "/" for ::1 at 2019-07-14 17:15:53 +0545
Processing by PagesController#home as HTML
  Rendering pages/home.html.haml within layouts/application
  [1m[36mNotification Load (0.1ms)[0m  [1m[34mSELECT "notifications".* FROM "notifications"[0m
  ↳ app/views/pages/home.html.haml:11
  Rendered pages/home.html.haml within layouts/application (26.2ms)
Completed 200 OK in 62ms (Views: 60.0ms | ActiveRecord: 0.1ms)


Started GET "/" for ::1 at 2019-07-14 17:16:06 +0545
Processing by PagesController#home as HTML
  Rendering pages/home.html.haml within layouts/application
  [1m[36mNotification Load (0.4ms)[0m  [1m[34mSELECT "notifications".* FROM "notifications"[0m
  ↳ app/views/pages/home.html.haml:11
  Rendered pages/home.html.haml within layouts/application (23.0ms)
Completed 200 OK in 93ms (Views: 90.1ms | ActiveRecord: 0.4ms)


Started PATCH "/page/mark_alerts" for ::1 at 2019-07-14 17:16:11 +0545
Processing by PagesController#mark_alerts_read as */*
  [1m[36mNotification Update All (0.7ms)[0m  [1m[33mUPDATE "notifications" SET "seen" = 1 WHERE "notifications"."seen" = ?[0m  [["seen", 0]]
  ↳ app/controllers/pages_controller.rb:10
Completed 200 OK in 3ms (Views: 0.2ms | ActiveRecord: 0.7ms)


Started GET "/" for ::1 at 2019-07-14 17:16:11 +0545
Processing by PagesController#home as HTML
  Rendering pages/home.html.haml within layouts/application
  [1m[36mNotification Load (0.2ms)[0m  [1m[34mSELECT "notifications".* FROM "notifications"[0m
  ↳ app/views/pages/home.html.haml:11
  Rendered pages/home.html.haml within layouts/application (13.0ms)
Completed 200 OK in 52ms (Views: 50.1ms | ActiveRecord: 0.2ms)


Started GET "/" for ::1 at 2019-07-14 17:16:42 +0545
Processing by PagesController#home as HTML
  Rendering pages/home.html.haml within layouts/application
  [1m[36mNotification Load (0.2ms)[0m  [1m[34mSELECT "notifications".* FROM "notifications"[0m
  ↳ app/views/pages/home.html.haml:11
  Rendered pages/home.html.haml within layouts/application (12.0ms)
Completed 200 OK in 65ms (Views: 62.1ms | ActiveRecord: 0.2ms)


Started PATCH "/page/mark_alerts" for ::1 at 2019-07-14 17:16:46 +0545
Processing by PagesController#mark_alerts_read as */*
  [1m[36mNotification Update All (0.3ms)[0m  [1m[33mUPDATE "notifications" SET "seen" = 1 WHERE "notifications"."seen" = ?[0m  [["seen", 0]]
  ↳ app/controllers/pages_controller.rb:10
Completed 200 OK in 3ms (Views: 0.3ms | ActiveRecord: 0.3ms)


Started GET "/" for ::1 at 2019-07-14 17:16:46 +0545
Processing by PagesController#home as HTML
  Rendering pages/home.html.haml within layouts/application
  [1m[36mNotification Load (0.1ms)[0m  [1m[34mSELECT "notifications".* FROM "notifications"[0m
  ↳ app/views/pages/home.html.haml:11
  Rendered pages/home.html.haml within layouts/application (12.0ms)
Completed 200 OK in 52ms (Views: 50.0ms | ActiveRecord: 0.1ms)


  [1m[36mNotification Load (0.4ms)[0m  [1m[34mSELECT  "notifications".* FROM "notifications" ORDER BY "notifications"."id" DESC LIMIT ?[0m  [["LIMIT", 1]]
Started GET "/" for ::1 at 2019-07-14 17:18:22 +0545
Processing by PagesController#home as HTML
  Rendering pages/home.html.haml within layouts/application
  [1m[35m (0.6ms)[0m  [1m[34mSELECT COUNT(*) FROM "notifications" WHERE "notifications"."seen" = ?[0m  [["seen", 0]]
  ↳ app/views/pages/home.html.haml:1
  Rendered pages/home.html.haml within layouts/application (29.2ms)
Completed 200 OK in 94ms (Views: 90.2ms | ActiveRecord: 0.6ms)


Started GET "/" for ::1 at 2019-07-14 17:18:27 +0545
Processing by PagesController#home as HTML
  Rendering pages/home.html.haml within layouts/application
  [1m[35m (0.2ms)[0m  [1m[34mSELECT COUNT(*) FROM "notifications" WHERE "notifications"."seen" = ?[0m  [["seen", 0]]
  ↳ app/views/pages/home.html.haml:1
  Rendered pages/home.html.haml within layouts/application (8.7ms)
Completed 200 OK in 48ms (Views: 44.2ms | ActiveRecord: 0.2ms)


  [1m[36mNotification Load (0.3ms)[0m  [1m[34mSELECT  "notifications".* FROM "notifications" LIMIT ?[0m  [["LIMIT", 11]]
  [1m[36mNotification Update All (78.9ms)[0m  [1m[33mUPDATE "notifications" SET "seen" = 0[0m
Started GET "/" for ::1 at 2019-07-14 17:18:56 +0545
Processing by PagesController#home as HTML
  Rendering pages/home.html.haml within layouts/application
  [1m[35m (0.3ms)[0m  [1m[34mSELECT COUNT(*) FROM "notifications" WHERE "notifications"."seen" = ?[0m  [["seen", 0]]
  ↳ app/views/pages/home.html.haml:1
  [1m[36mNotification Load (0.2ms)[0m  [1m[34mSELECT "notifications".* FROM "notifications"[0m
  ↳ app/views/pages/home.html.haml:13
  Rendered pages/home.html.haml within layouts/application (19.6ms)
Completed 200 OK in 78ms (Views: 73.4ms | ActiveRecord: 0.5ms)


Started PATCH "/page/mark_alerts" for ::1 at 2019-07-14 17:18:58 +0545
Processing by PagesController#mark_alerts_read as */*
  [1m[36mNotification Update All (119.1ms)[0m  [1m[33mUPDATE "notifications" SET "seen" = 1 WHERE "notifications"."seen" = ?[0m  [["seen", 0]]
  ↳ app/controllers/pages_controller.rb:10
Completed 200 OK in 122ms (Views: 0.6ms | ActiveRecord: 119.1ms)


Started GET "/" for ::1 at 2019-07-14 17:18:58 +0545
Processing by PagesController#home as HTML
  Rendering pages/home.html.haml within layouts/application
  [1m[35m (0.3ms)[0m  [1m[34mSELECT COUNT(*) FROM "notifications" WHERE "notifications"."seen" = ?[0m  [["seen", 0]]
  ↳ app/views/pages/home.html.haml:1
  Rendered pages/home.html.haml within layouts/application (23.3ms)
Completed 200 OK in 82ms (Views: 77.7ms | ActiveRecord: 0.3ms)


  [1m[36mNotification Update All (84.5ms)[0m  [1m[33mUPDATE "notifications" SET "seen" = 0[0m
Started GET "/" for ::1 at 2019-07-14 19:07:16 +0545
Processing by PagesController#home as HTML
  Rendering pages/home.html.haml within layouts/application
  [1m[35m (0.2ms)[0m  [1m[34mSELECT COUNT(*) FROM "notifications" WHERE "notifications"."seen" = ?[0m  [["seen", 0]]
  ↳ app/views/pages/home.html.haml:1
  [1m[36mNotification Load (0.2ms)[0m  [1m[34mSELECT "notifications".* FROM "notifications"[0m
  ↳ app/views/pages/home.html.haml:13
  Rendered pages/home.html.haml within layouts/application (6.6ms)
Completed 200 OK in 38ms (Views: 36.1ms | ActiveRecord: 0.3ms)


Started PATCH "/page/mark_alerts" for ::1 at 2019-07-14 19:07:20 +0545
Processing by PagesController#mark_alerts_read as */*
  [1m[36mNotification Update All (80.9ms)[0m  [1m[33mUPDATE "notifications" SET "seen" = 1 WHERE "notifications"."seen" = ?[0m  [["seen", 0]]
  ↳ app/controllers/pages_controller.rb:10
Completed 200 OK in 89ms (Views: 0.4ms | ActiveRecord: 80.9ms)


Started GET "/" for ::1 at 2019-07-14 19:07:20 +0545
Processing by PagesController#home as HTML
  Rendering pages/home.html.haml within layouts/application
  [1m[35m (0.6ms)[0m  [1m[34mSELECT COUNT(*) FROM "notifications" WHERE "notifications"."seen" = ?[0m  [["seen", 0]]
  ↳ app/views/pages/home.html.haml:1
  Rendered pages/home.html.haml within layouts/application (28.4ms)
Completed 200 OK in 94ms (Views: 88.8ms | ActiveRecord: 0.6ms)


Started GET "/" for ::1 at 2019-08-11 16:36:35 +0545
  [1m[35m (0.2ms)[0m  [1m[34mSELECT "schema_migrations"."version" FROM "schema_migrations" ORDER BY "schema_migrations"."version" ASC[0m
  ↳ /home/sampurna/.rvm/gems/ruby-2.6.1/gems/activerecord-5.2.3/lib/active_record/log_subscriber.rb:98
Processing by PagesController#home as HTML
  Rendering pages/home.html.haml within layouts/application
  [1m[35m (0.4ms)[0m  [1m[34mSELECT COUNT(*) FROM "notifications" WHERE "notifications"."seen" = ?[0m  [["seen", 0]]
  ↳ app/views/pages/home.html.haml:1
  Rendered pages/home.html.haml within layouts/application (11.5ms)
Completed 200 OK in 347ms (Views: 336.7ms | ActiveRecord: 0.7ms)


Started GET "/serviceworker.js" for ::1 at 2019-08-11 16:36:37 +0545
  
ActionController::RoutingError (No route matches [GET] "/serviceworker.js"):
  
actionpack (5.2.3) lib/action_dispatch/middleware/debug_exceptions.rb:65:in `call'
web-console (3.7.0) lib/web_console/middleware.rb:135:in `call_app'
web-console (3.7.0) lib/web_console/middleware.rb:30:in `block in call'
web-console (3.7.0) lib/web_console/middleware.rb:20:in `catch'
web-console (3.7.0) lib/web_console/middleware.rb:20:in `call'
actionpack (5.2.3) lib/action_dispatch/middleware/show_exceptions.rb:33:in `call'
railties (5.2.3) lib/rails/rack/logger.rb:38:in `call_app'
railties (5.2.3) lib/rails/rack/logger.rb:26:in `block in call'
activesupport (5.2.3) lib/active_support/tagged_logging.rb:71:in `block in tagged'
activesupport (5.2.3) lib/active_support/tagged_logging.rb:28:in `tagged'
activesupport (5.2.3) lib/active_support/tagged_logging.rb:71:in `tagged'
railties (5.2.3) lib/rails/rack/logger.rb:26:in `call'
sprockets-rails (3.2.1) lib/sprockets/rails/quiet_assets.rb:13:in `call'
actionpack (5.2.3) lib/action_dispatch/middleware/remote_ip.rb:81:in `call'
actionpack (5.2.3) lib/action_dispatch/middleware/request_id.rb:27:in `call'
rack (2.0.7) lib/rack/method_override.rb:22:in `call'
rack (2.0.7) lib/rack/runtime.rb:22:in `call'
activesupport (5.2.3) lib/active_support/cache/strategy/local_cache_middleware.rb:29:in `call'
actionpack (5.2.3) lib/action_dispatch/middleware/executor.rb:14:in `call'
actionpack (5.2.3) lib/action_dispatch/middleware/static.rb:127:in `call'
rack (2.0.7) lib/rack/sendfile.rb:111:in `call'
railties (5.2.3) lib/rails/engine.rb:524:in `call'
puma (3.12.1) lib/puma/configuration.rb:227:in `call'
puma (3.12.1) lib/puma/server.rb:660:in `handle_request'
puma (3.12.1) lib/puma/server.rb:474:in `process_client'
puma (3.12.1) lib/puma/server.rb:334:in `block in run'
puma (3.12.1) lib/puma/thread_pool.rb:135:in `block in spawn_thread'
  [1m[36mNotification Load (0.4ms)[0m  [1m[34mSELECT  "notifications".* FROM "notifications" ORDER BY "notifications"."id" DESC LIMIT ?[0m  [["LIMIT", 1]]
  [1m[35m (0.1ms)[0m  [1m[36mbegin transaction[0m
  [1m[36mNotification Create (0.3ms)[0m  [1m[32mINSERT INTO "notifications" ("title", "created_at", "updated_at") VALUES (?, ?, ?)[0m  [["title", "second"], ["created_at", "2019-08-11 10:53:21.898758"], ["updated_at", "2019-08-11 10:53:21.898758"]]
  [1m[35m (70.9ms)[0m  [1m[36mcommit transaction[0m
Started GET "/" for ::1 at 2019-08-11 16:38:25 +0545
Processing by PagesController#home as HTML
  Rendering pages/home.html.haml within layouts/application
  [1m[35m (0.4ms)[0m  [1m[34mSELECT COUNT(*) FROM "notifications" WHERE "notifications"."seen" = ?[0m  [["seen", 0]]
  ↳ app/views/pages/home.html.haml:1
  [1m[36mNotification Load (0.3ms)[0m  [1m[34mSELECT "notifications".* FROM "notifications"[0m
  ↳ app/views/pages/home.html.haml:13
  Rendered pages/home.html.haml within layouts/application (24.4ms)
Completed 200 OK in 90ms (Views: 87.4ms | ActiveRecord: 1.6ms)


Started GET "/serviceworker.js" for ::1 at 2019-08-11 16:38:27 +0545
  
ActionController::RoutingError (No route matches [GET] "/serviceworker.js"):
  
actionpack (5.2.3) lib/action_dispatch/middleware/debug_exceptions.rb:65:in `call'
web-console (3.7.0) lib/web_console/middleware.rb:135:in `call_app'
web-console (3.7.0) lib/web_console/middleware.rb:30:in `block in call'
web-console (3.7.0) lib/web_console/middleware.rb:20:in `catch'
web-console (3.7.0) lib/web_console/middleware.rb:20:in `call'
actionpack (5.2.3) lib/action_dispatch/middleware/show_exceptions.rb:33:in `call'
railties (5.2.3) lib/rails/rack/logger.rb:38:in `call_app'
railties (5.2.3) lib/rails/rack/logger.rb:26:in `block in call'
activesupport (5.2.3) lib/active_support/tagged_logging.rb:71:in `block in tagged'
activesupport (5.2.3) lib/active_support/tagged_logging.rb:28:in `tagged'
activesupport (5.2.3) lib/active_support/tagged_logging.rb:71:in `tagged'
railties (5.2.3) lib/rails/rack/logger.rb:26:in `call'
sprockets-rails (3.2.1) lib/sprockets/rails/quiet_assets.rb:13:in `call'
actionpack (5.2.3) lib/action_dispatch/middleware/remote_ip.rb:81:in `call'
actionpack (5.2.3) lib/action_dispatch/middleware/request_id.rb:27:in `call'
rack (2.0.7) lib/rack/method_override.rb:22:in `call'
rack (2.0.7) lib/rack/runtime.rb:22:in `call'
activesupport (5.2.3) lib/active_support/cache/strategy/local_cache_middleware.rb:29:in `call'
actionpack (5.2.3) lib/action_dispatch/middleware/executor.rb:14:in `call'
actionpack (5.2.3) lib/action_dispatch/middleware/static.rb:127:in `call'
rack (2.0.7) lib/rack/sendfile.rb:111:in `call'
railties (5.2.3) lib/rails/engine.rb:524:in `call'
puma (3.12.1) lib/puma/configuration.rb:227:in `call'
puma (3.12.1) lib/puma/server.rb:660:in `handle_request'
puma (3.12.1) lib/puma/server.rb:474:in `process_client'
puma (3.12.1) lib/puma/server.rb:334:in `block in run'
puma (3.12.1) lib/puma/thread_pool.rb:135:in `block in spawn_thread'
  [1m[35m (0.4ms)[0m  [1m[34mSELECT COUNT(*) FROM "notifications"[0m
Started PATCH "/page/mark_alerts" for ::1 at 2019-08-11 16:38:49 +0545
Processing by PagesController#mark_alerts_read as */*
  [1m[36mNotification Update All (91.2ms)[0m  [1m[33mUPDATE "notifications" SET "seen" = 1 WHERE "notifications"."seen" = ?[0m  [["seen", 0]]
Started GET "/" for ::1 at 2019-08-11 16:38:49 +0545
  ↳ app/controllers/pages_controller.rb:10
Completed 200 OK in 98ms (Views: 0.3ms | ActiveRecord: 91.2ms)


Processing by PagesController#home as HTML
  Rendering pages/home.html.haml within layouts/application
  [1m[35m (0.2ms)[0m  [1m[34mSELECT COUNT(*) FROM "notifications" WHERE "notifications"."seen" = ?[0m  [["seen", 0]]
  ↳ app/views/pages/home.html.haml:1
  Rendered pages/home.html.haml within layouts/application (9.4ms)
Completed 200 OK in 56ms (Views: 54.3ms | ActiveRecord: 0.2ms)


Started GET "/" for ::1 at 2019-08-11 16:38:55 +0545
Processing by PagesController#home as HTML
  Rendering pages/home.html.haml within layouts/application
  [1m[35m (0.2ms)[0m  [1m[34mSELECT COUNT(*) FROM "notifications" WHERE "notifications"."seen" = ?[0m  [["seen", 0]]
  ↳ app/views/pages/home.html.haml:1
  Rendered pages/home.html.haml within layouts/application (8.8ms)
Completed 200 OK in 71ms (Views: 68.9ms | ActiveRecord: 0.2ms)


Started GET "/" for ::1 at 2019-08-11 16:38:56 +0545
Processing by PagesController#home as HTML
  Rendering pages/home.html.haml within layouts/application
  [1m[35m (0.1ms)[0m  [1m[34mSELECT COUNT(*) FROM "notifications" WHERE "notifications"."seen" = ?[0m  [["seen", 0]]
  ↳ app/views/pages/home.html.haml:1
  Rendered pages/home.html.haml within layouts/application (10.2ms)
Completed 200 OK in 52ms (Views: 49.9ms | ActiveRecord: 0.1ms)


Started GET "/serviceworker.js" for ::1 at 2019-08-11 16:38:57 +0545
  
ActionController::RoutingError (No route matches [GET] "/serviceworker.js"):
  
actionpack (5.2.3) lib/action_dispatch/middleware/debug_exceptions.rb:65:in `call'
web-console (3.7.0) lib/web_console/middleware.rb:135:in `call_app'
web-console (3.7.0) lib/web_console/middleware.rb:30:in `block in call'
web-console (3.7.0) lib/web_console/middleware.rb:20:in `catch'
web-console (3.7.0) lib/web_console/middleware.rb:20:in `call'
actionpack (5.2.3) lib/action_dispatch/middleware/show_exceptions.rb:33:in `call'
railties (5.2.3) lib/rails/rack/logger.rb:38:in `call_app'
railties (5.2.3) lib/rails/rack/logger.rb:26:in `block in call'
activesupport (5.2.3) lib/active_support/tagged_logging.rb:71:in `block in tagged'
activesupport (5.2.3) lib/active_support/tagged_logging.rb:28:in `tagged'
activesupport (5.2.3) lib/active_support/tagged_logging.rb:71:in `tagged'
railties (5.2.3) lib/rails/rack/logger.rb:26:in `call'
sprockets-rails (3.2.1) lib/sprockets/rails/quiet_assets.rb:13:in `call'
actionpack (5.2.3) lib/action_dispatch/middleware/remote_ip.rb:81:in `call'
actionpack (5.2.3) lib/action_dispatch/middleware/request_id.rb:27:in `call'
rack (2.0.7) lib/rack/method_override.rb:22:in `call'
rack (2.0.7) lib/rack/runtime.rb:22:in `call'
activesupport (5.2.3) lib/active_support/cache/strategy/local_cache_middleware.rb:29:in `call'
actionpack (5.2.3) lib/action_dispatch/middleware/executor.rb:14:in `call'
actionpack (5.2.3) lib/action_dispatch/middleware/static.rb:127:in `call'
rack (2.0.7) lib/rack/sendfile.rb:111:in `call'
railties (5.2.3) lib/rails/engine.rb:524:in `call'
puma (3.12.1) lib/puma/configuration.rb:227:in `call'
puma (3.12.1) lib/puma/server.rb:660:in `handle_request'
puma (3.12.1) lib/puma/server.rb:474:in `process_client'
puma (3.12.1) lib/puma/server.rb:334:in `block in run'
puma (3.12.1) lib/puma/thread_pool.rb:135:in `block in spawn_thread'
Started GET "/serviceworker.js" for ::1 at 2019-08-11 16:38:58 +0545
  
ActionController::RoutingError (No route matches [GET] "/serviceworker.js"):
  
actionpack (5.2.3) lib/action_dispatch/middleware/debug_exceptions.rb:65:in `call'
web-console (3.7.0) lib/web_console/middleware.rb:135:in `call_app'
web-console (3.7.0) lib/web_console/middleware.rb:30:in `block in call'
web-console (3.7.0) lib/web_console/middleware.rb:20:in `catch'
web-console (3.7.0) lib/web_console/middleware.rb:20:in `call'
actionpack (5.2.3) lib/action_dispatch/middleware/show_exceptions.rb:33:in `call'
railties (5.2.3) lib/rails/rack/logger.rb:38:in `call_app'
railties (5.2.3) lib/rails/rack/logger.rb:26:in `block in call'
activesupport (5.2.3) lib/active_support/tagged_logging.rb:71:in `block in tagged'
activesupport (5.2.3) lib/active_support/tagged_logging.rb:28:in `tagged'
activesupport (5.2.3) lib/active_support/tagged_logging.rb:71:in `tagged'
railties (5.2.3) lib/rails/rack/logger.rb:26:in `call'
sprockets-rails (3.2.1) lib/sprockets/rails/quiet_assets.rb:13:in `call'
actionpack (5.2.3) lib/action_dispatch/middleware/remote_ip.rb:81:in `call'
actionpack (5.2.3) lib/action_dispatch/middleware/request_id.rb:27:in `call'
rack (2.0.7) lib/rack/method_override.rb:22:in `call'
rack (2.0.7) lib/rack/runtime.rb:22:in `call'
activesupport (5.2.3) lib/active_support/cache/strategy/local_cache_middleware.rb:29:in `call'
actionpack (5.2.3) lib/action_dispatch/middleware/executor.rb:14:in `call'
actionpack (5.2.3) lib/action_dispatch/middleware/static.rb:127:in `call'
rack (2.0.7) lib/rack/sendfile.rb:111:in `call'
railties (5.2.3) lib/rails/engine.rb:524:in `call'
puma (3.12.1) lib/puma/configuration.rb:227:in `call'
puma (3.12.1) lib/puma/server.rb:660:in `handle_request'
puma (3.12.1) lib/puma/server.rb:474:in `process_client'
puma (3.12.1) lib/puma/server.rb:334:in `block in run'
puma (3.12.1) lib/puma/thread_pool.rb:135:in `block in spawn_thread'
  [1m[35m (0.4ms)[0m  [1m[34mSELECT COUNT(*) FROM "notifications"[0m
  [1m[35m (0.2ms)[0m  [1m[36mbegin transaction[0m
  [1m[36mNotification Create (0.8ms)[0m  [1m[32mINSERT INTO "notifications" ("title", "created_at", "updated_at") VALUES (?, ?, ?)[0m  [["title", "second"], ["created_at", "2019-08-11 10:54:04.784257"], ["updated_at", "2019-08-11 10:54:04.784257"]]
  [1m[35m (127.8ms)[0m  [1m[36mcommit transaction[0m
  [1m[35m (0.4ms)[0m  [1m[34mSELECT COUNT(*) FROM "notifications"[0m
Started GET "/" for ::1 at 2019-08-11 16:39:10 +0545
Processing by PagesController#home as HTML
  Rendering pages/home.html.haml within layouts/application
  [1m[35m (0.6ms)[0m  [1m[34mSELECT COUNT(*) FROM "notifications" WHERE "notifications"."seen" = ?[0m  [["seen", 0]]
  ↳ app/views/pages/home.html.haml:1
  [1m[36mNotification Load (0.5ms)[0m  [1m[34mSELECT "notifications".* FROM "notifications"[0m
  ↳ app/views/pages/home.html.haml:13
  Rendered pages/home.html.haml within layouts/application (25.7ms)
Completed 200 OK in 80ms (Views: 75.2ms | ActiveRecord: 1.1ms)


Started GET "/serviceworker.js" for ::1 at 2019-08-11 16:39:12 +0545
  
ActionController::RoutingError (No route matches [GET] "/serviceworker.js"):
  
actionpack (5.2.3) lib/action_dispatch/middleware/debug_exceptions.rb:65:in `call'
web-console (3.7.0) lib/web_console/middleware.rb:135:in `call_app'
web-console (3.7.0) lib/web_console/middleware.rb:30:in `block in call'
web-console (3.7.0) lib/web_console/middleware.rb:20:in `catch'
web-console (3.7.0) lib/web_console/middleware.rb:20:in `call'
actionpack (5.2.3) lib/action_dispatch/middleware/show_exceptions.rb:33:in `call'
railties (5.2.3) lib/rails/rack/logger.rb:38:in `call_app'
railties (5.2.3) lib/rails/rack/logger.rb:26:in `block in call'
activesupport (5.2.3) lib/active_support/tagged_logging.rb:71:in `block in tagged'
activesupport (5.2.3) lib/active_support/tagged_logging.rb:28:in `tagged'
activesupport (5.2.3) lib/active_support/tagged_logging.rb:71:in `tagged'
railties (5.2.3) lib/rails/rack/logger.rb:26:in `call'
sprockets-rails (3.2.1) lib/sprockets/rails/quiet_assets.rb:13:in `call'
actionpack (5.2.3) lib/action_dispatch/middleware/remote_ip.rb:81:in `call'
actionpack (5.2.3) lib/action_dispatch/middleware/request_id.rb:27:in `call'
rack (2.0.7) lib/rack/method_override.rb:22:in `call'
rack (2.0.7) lib/rack/runtime.rb:22:in `call'
activesupport (5.2.3) lib/active_support/cache/strategy/local_cache_middleware.rb:29:in `call'
actionpack (5.2.3) lib/action_dispatch/middleware/executor.rb:14:in `call'
actionpack (5.2.3) lib/action_dispatch/middleware/static.rb:127:in `call'
rack (2.0.7) lib/rack/sendfile.rb:111:in `call'
railties (5.2.3) lib/rails/engine.rb:524:in `call'
puma (3.12.1) lib/puma/configuration.rb:227:in `call'
puma (3.12.1) lib/puma/server.rb:660:in `handle_request'
puma (3.12.1) lib/puma/server.rb:474:in `process_client'
puma (3.12.1) lib/puma/server.rb:334:in `block in run'
puma (3.12.1) lib/puma/thread_pool.rb:135:in `block in spawn_thread'
Started PATCH "/page/mark_alerts" for ::1 at 2019-08-11 16:39:15 +0545
Processing by PagesController#mark_alerts_read as */*
  [1m[36mNotification Update All (79.5ms)[0m  [1m[33mUPDATE "notifications" SET "seen" = 1 WHERE "notifications"."seen" = ?[0m  [["seen", 0]]
  ↳ app/controllers/pages_controller.rb:10
Completed 200 OK in 84ms (Views: 0.2ms | ActiveRecord: 79.5ms)


Started GET "/" for ::1 at 2019-08-11 16:39:16 +0545
Processing by PagesController#home as HTML
  Rendering pages/home.html.haml within layouts/application
  [1m[35m (0.2ms)[0m  [1m[34mSELECT COUNT(*) FROM "notifications" WHERE "notifications"."seen" = ?[0m  [["seen", 0]]
  ↳ app/views/pages/home.html.haml:1
  Rendered pages/home.html.haml within layouts/application (9.2ms)
Completed 200 OK in 54ms (Views: 52.1ms | ActiveRecord: 0.2ms)


